0 info it worked if it ends with ok
1 verbose cli [ 'D:\\Program Files\\nodejs\\node.exe',
1 verbose cli   'D:\\Program Files\\nodejs\\node_modules\\npm\\bin\\npm-cli.js',
1 verbose cli   'i',
1 verbose cli   '-D',
1 verbose cli   '@babel/perset-env' ]
2 info using npm@3.10.8
3 info using node@v6.9.1
4 silly loadCurrentTree Starting
5 silly install loadCurrentTree
6 silly install readLocalPackageData
7 silly fetchPackageMetaData @babel/perset-env
8 silly fetchNamedPackageData @babel/perset-env
9 silly mapToRegistry name @babel/perset-env
10 silly mapToRegistry scope (from package name) @babel
11 verbose mapToRegistry no registry URL found in name for scope @babel
12 silly mapToRegistry using default registry
13 silly mapToRegistry registry https://registry.npm.taobao.org/
14 silly mapToRegistry data Result {
14 silly mapToRegistry   raw: '@babel/perset-env',
14 silly mapToRegistry   scope: '@babel',
14 silly mapToRegistry   escapedName: '@babel%2fperset-env',
14 silly mapToRegistry   name: '@babel/perset-env',
14 silly mapToRegistry   rawSpec: '',
14 silly mapToRegistry   spec: 'latest',
14 silly mapToRegistry   type: 'tag' }
15 silly mapToRegistry uri https://registry.npm.taobao.org/@babel%2fperset-env
16 verbose request uri https://registry.npm.taobao.org/@babel%2fperset-env
17 verbose request no auth needed
18 info attempt registry request try #1 at 16:48:46
19 verbose request id 0ef9a5fb15026dad
20 http request GET https://registry.npm.taobao.org/@babel%2fperset-env
21 http 404 https://registry.npm.taobao.org/@babel%2fperset-env
22 verbose headers { date: 'Mon, 17 Dec 2018 08:48:47 GMT',
22 verbose headers   'content-type': 'application/json',
22 verbose headers   'content-length': '21',
22 verbose headers   connection: 'keep-alive',
22 verbose headers   'set-cookie': [ '__cfduid=dcdbef987d468ab233ccc9e43e35e3c121545036527; expires=Tue, 17-Dec-19 08:48:47 GMT; path=/; domain=.registry.npmjs.com; HttpOnly' ],
22 verbose headers   'cf-cache-status': 'MISS',
22 verbose headers   'cf-ray': '48a821fa5adc20ea-LAX',
22 verbose headers   'expect-ct': 'max-age=604800, report-uri="https://report-uri.cloudflare.com/cdn-cgi/beacon/expect-ct"',
22 verbose headers   vary: 'Accept-Encoding',
22 verbose headers   server: 'cloudflare' }
23 silly get cb [ 404,
23 silly get   { date: 'Mon, 17 Dec 2018 08:48:47 GMT',
23 silly get     'content-type': 'application/json',
23 silly get     'content-length': '21',
23 silly get     connection: 'keep-alive',
23 silly get     'set-cookie': [ '__cfduid=dcdbef987d468ab233ccc9e43e35e3c121545036527; expires=Tue, 17-Dec-19 08:48:47 GMT; path=/; domain=.registry.npmjs.com; HttpOnly' ],
23 silly get     'cf-cache-status': 'MISS',
23 silly get     'cf-ray': '48a821fa5adc20ea-LAX',
23 silly get     'expect-ct': 'max-age=604800, report-uri="https://report-uri.cloudflare.com/cdn-cgi/beacon/expect-ct"',
23 silly get     vary: 'Accept-Encoding',
23 silly get     server: 'cloudflare' } ]
24 silly fetchPackageMetaData Error: Not found : @babel/perset-env
24 silly fetchPackageMetaData     at makeError (D:\Program Files\nodejs\node_modules\npm\node_modules\npm-registry-client\lib\request.js:302:12)
24 silly fetchPackageMetaData     at CachingRegistryClient.<anonymous> (D:\Program Files\nodejs\node_modules\npm\node_modules\npm-registry-client\lib\request.js:290:14)
24 silly fetchPackageMetaData     at Request._callback (D:\Program Files\nodejs\node_modules\npm\node_modules\npm-registry-client\lib\request.js:210:14)
24 silly fetchPackageMetaData     at Request.self.callback (D:\Program Files\nodejs\node_modules\npm\node_modules\request\request.js:187:22)
24 silly fetchPackageMetaData     at emitTwo (events.js:106:13)
24 silly fetchPackageMetaData     at Request.emit (events.js:191:7)
24 silly fetchPackageMetaData     at Request.<anonymous> (D:\Program Files\nodejs\node_modules\npm\node_modules\request\request.js:1044:10)
24 silly fetchPackageMetaData     at emitOne (events.js:96:13)
24 silly fetchPackageMetaData     at Request.emit (events.js:188:7)
24 silly fetchPackageMetaData     at IncomingMessage.<anonymous> (D:\Program Files\nodejs\node_modules\npm\node_modules\request\request.js:965:12)
24 silly fetchPackageMetaData  error for @babel/perset-env { Error: Not found : @babel/perset-env
24 silly fetchPackageMetaData     at makeError (D:\Program Files\nodejs\node_modules\npm\node_modules\npm-registry-client\lib\request.js:302:12)
24 silly fetchPackageMetaData     at CachingRegistryClient.<anonymous> (D:\Program Files\nodejs\node_modules\npm\node_modules\npm-registry-client\lib\request.js:290:14)
24 silly fetchPackageMetaData     at Request._callback (D:\Program Files\nodejs\node_modules\npm\node_modules\npm-registry-client\lib\request.js:210:14)
24 silly fetchPackageMetaData     at Request.self.callback (D:\Program Files\nodejs\node_modules\npm\node_modules\request\request.js:187:22)
24 silly fetchPackageMetaData     at emitTwo (events.js:106:13)
24 silly fetchPackageMetaData     at Request.emit (events.js:191:7)
24 silly fetchPackageMetaData     at Request.<anonymous> (D:\Program Files\nodejs\node_modules\npm\node_modules\request\request.js:1044:10)
24 silly fetchPackageMetaData     at emitOne (events.js:96:13)
24 silly fetchPackageMetaData     at Request.emit (events.js:188:7)
24 silly fetchPackageMetaData     at IncomingMessage.<anonymous> (D:\Program Files\nodejs\node_modules\npm\node_modules\request\request.js:965:12) pkgid: '@babel/perset-env', statusCode: 404, code: 'E404' }
25 silly rollbackFailedOptional Starting
26 silly rollbackFailedOptional Finishing
27 silly runTopLevelLifecycles Finishing
28 silly install printInstalled
29 verbose stack Error: Not found : @babel/perset-env
29 verbose stack     at makeError (D:\Program Files\nodejs\node_modules\npm\node_modules\npm-registry-client\lib\request.js:302:12)
29 verbose stack     at CachingRegistryClient.<anonymous> (D:\Program Files\nodejs\node_modules\npm\node_modules\npm-registry-client\lib\request.js:290:14)
29 verbose stack     at Request._callback (D:\Program Files\nodejs\node_modules\npm\node_modules\npm-registry-client\lib\request.js:210:14)
29 verbose stack     at Request.self.callback (D:\Program Files\nodejs\node_modules\npm\node_modules\request\request.js:187:22)
29 verbose stack     at emitTwo (events.js:106:13)
29 verbose stack     at Request.emit (events.js:191:7)
29 verbose stack     at Request.<anonymous> (D:\Program Files\nodejs\node_modules\npm\node_modules\request\request.js:1044:10)
29 verbose stack     at emitOne (events.js:96:13)
29 verbose stack     at Request.emit (events.js:188:7)
29 verbose stack     at IncomingMessage.<anonymous> (D:\Program Files\nodejs\node_modules\npm\node_modules\request\request.js:965:12)
30 verbose statusCode 404
31 verbose pkgid @babel/perset-env
32 verbose cwd E:\channel\vscode\vueDemo
33 error Windows_NT 10.0.17134
34 error argv "D:\\Program Files\\nodejs\\node.exe" "D:\\Program Files\\nodejs\\node_modules\\npm\\bin\\npm-cli.js" "i" "-D" "@babel/perset-env"
35 error node v6.9.1
36 error npm  v3.10.8
37 error code E404
38 error 404 Not found : @babel/perset-env
39 error 404
40 error 404 '@babel/perset-env' is not in the npm registry.
41 error 404 You should bug the author to publish it (or use the name yourself!)
42 error 404 Note that you can also install from a
43 error 404 tarball, folder, http url, or git url.
44 verbose exit [ 1, true ]
